Using pre-set license
Built from '2021.3/staging' branch; Version is '2021.3.4f1 (cb45f9cae8b7) revision 13321721'; Using compiler version '192829333'; Build Type 'Release'
OS: 'Windows 10  (10.0.19044) 64bit Core' Language: 'de' Physical Memory: 16161 MB
BatchMode: 1, IsHumanControllingUs: 0, StartBugReporterOnCrash: 0, Is64bit: 1, IsPro: 1

COMMAND LINE ARGUMENTS:
C:\Users\seppb\Desktop\Unity things\2021.3.4f1\Editor\Unity.exe
-adb2
-batchMode
-noUpm
-name
AssetImportWorker0
-projectPath
C:/Users/seppb/Desktop/Git_Sem4/SemProject4
-logFile
Logs/AssetImportWorker0.log
-srvPort
64598
Successfully changed project path to: C:/Users/seppb/Desktop/Git_Sem4/SemProject4
C:/Users/seppb/Desktop/Git_Sem4/SemProject4
[UnityMemory] Configuration Parameters - Can be set up in boot.config
    "memorysetup-bucket-allocator-granularity=16"
    "memorysetup-bucket-allocator-bucket-count=8"
    "memorysetup-bucket-allocator-block-size=33554432"
    "memorysetup-bucket-allocator-block-count=8"
    "memorysetup-main-allocator-block-size=16777216"
    "memorysetup-thread-allocator-block-size=16777216"
    "memorysetup-gfx-main-allocator-block-size=16777216"
    "memorysetup-gfx-thread-allocator-block-size=16777216"
    "memorysetup-cache-allocator-block-size=4194304"
    "memorysetup-typetree-allocator-block-size=2097152"
    "memorysetup-profiler-bucket-allocator-granularity=16"
    "memorysetup-profiler-bucket-allocator-bucket-count=8"
    "memorysetup-profiler-bucket-allocator-block-size=33554432"
    "memorysetup-profiler-bucket-allocator-block-count=8"
    "memorysetup-profiler-allocator-block-size=16777216"
    "memorysetup-profiler-editor-allocator-block-size=1048576"
    "memorysetup-temp-allocator-size-main=16777216"
    "memorysetup-job-temp-allocator-block-size=2097152"
    "memorysetup-job-temp-allocator-block-size-background=1048576"
    "memorysetup-job-temp-allocator-reduction-small-platforms=262144"
    "memorysetup-temp-allocator-size-background-worker=32768"
    "memorysetup-temp-allocator-size-job-worker=262144"
    "memorysetup-temp-allocator-size-preload-manager=33554432"
    "memorysetup-temp-allocator-size-nav-mesh-worker=65536"
    "memorysetup-temp-allocator-size-audio-worker=65536"
    "memorysetup-temp-allocator-size-cloud-worker=32768"
    "memorysetup-temp-allocator-size-gi-baking-worker=262144"
    "memorysetup-temp-allocator-size-gfx=262144"
Refreshing native plugins compatible for Editor in 292.50 ms, found 3 plugins.
Preloading 0 native plugins for Editor in 0.00 ms.
Initialize engine version: 2021.3.4f1 (cb45f9cae8b7)
[Subsystems] Discovering subsystems at path C:/Users/seppb/Desktop/Unity things/2021.3.4f1/Editor/Data/Resources/UnitySubsystems
[Subsystems] Discovering subsystems at path C:/Users/seppb/Desktop/Git_Sem4/SemProject4/Assets
GfxDevice: creating device client; threaded=0; jobified=0
Direct3D:
    Version:  Direct3D 11.0 [level 11.1]
    Renderer: NVIDIA GeForce GTX 1050 with Max-Q Design (ID=0x1c91)
    Vendor:   NVIDIA
    VRAM:     2996 MB
    Driver:   30.0.15.1179
Initialize mono
Mono path[0] = 'C:/Users/seppb/Desktop/Unity things/2021.3.4f1/Editor/Data/Managed'
Mono path[1] = 'C:/Users/seppb/Desktop/Unity things/2021.3.4f1/Editor/Data/MonoBleedingEdge/lib/mono/unityjit-win32'
Mono config path = 'C:/Users/seppb/Desktop/Unity things/2021.3.4f1/Editor/Data/MonoBleedingEdge/etc'
Using monoOptions --debugger-agent=transport=dt_socket,embedding=1,server=y,suspend=n,address=127.0.0.1:56728
Begin MonoManager ReloadAssembly
Registering precompiled unity dll's ...
Register platform support module: C:/Users/seppb/Desktop/Unity things/2021.3.4f1/Editor/Data/PlaybackEngines/WindowsStandaloneSupport/UnityEditor.WindowsStandalone.Extensions.dll
Registered in 0.027380 seconds.
Native extension for WindowsStandalone target not found
Refreshing native plugins compatible for Editor in 354.87 ms, found 3 plugins.
Preloading 0 native plugins for Editor in 0.00 ms.
Mono: successfully reloaded assembly
- Completed reload, in  2.233 seconds
Domain Reload Profiling:
	ReloadAssembly (2234ms)
		BeginReloadAssembly (273ms)
			ExecutionOrderSort (0ms)
			DisableScriptedObjects (0ms)
			BackupInstance (0ms)
			ReleaseScriptingObjects (0ms)
			CreateAndSetChildDomain (2ms)
		EndReloadAssembly (1573ms)
			LoadAssemblies (266ms)
			RebuildTransferFunctionScriptingTraits (0ms)
			SetupTypeCache (305ms)
			ReleaseScriptCaches (0ms)
			RebuildScriptCaches (108ms)
			SetupLoadedEditorAssemblies (999ms)
				LogAssemblyErrors (0ms)
				InitializePlatformSupportModulesInManaged (30ms)
				SetLoadedEditorAssemblies (1ms)
				RefreshPlugins (355ms)
				BeforeProcessingInitializeOnLoad (5ms)
				ProcessInitializeOnLoadAttributes (451ms)
				ProcessInitializeOnLoadMethodAttributes (157ms)
				AfterProcessingInitializeOnLoad (0ms)
				EditorAssembliesLoaded (0ms)
			ExecutionOrderSort2 (0ms)
			AwakeInstancesAfterBackupRestoration (0ms)
Platform modules already initialized, skipping
Registering precompiled user dll's ...
Registered in 0.016873 seconds.
Begin MonoManager ReloadAssembly
Symbol file LoadedFromMemory doesn't match image C:\Users\seppb\Desktop\Git_Sem4\SemProject4\Library\PackageCache\com.unity.visualscripting@1.7.8\Editor\VisualScripting.Core\Dependencies\YamlDotNet\Unity.VisualScripting.YamlDotNet.dll
Symbol file LoadedFromMemory doesn't match image C:\Users\seppb\Desktop\Git_Sem4\SemProject4\Library\PackageCache\com.unity.visualscripting@1.7.8\Editor\VisualScripting.Core\Dependencies\DotNetZip\Unity.VisualScripting.IonicZip.dll
Native extension for WindowsStandalone target not found
Refreshing native plugins compatible for Editor in 1.87 ms, found 3 plugins.
Preloading 0 native plugins for Editor in 0.00 ms.
Mono: successfully reloaded assembly
- Completed reload, in  3.608 seconds
Domain Reload Profiling:
	ReloadAssembly (3610ms)
		BeginReloadAssembly (404ms)
			ExecutionOrderSort (0ms)
			DisableScriptedObjects (18ms)
			BackupInstance (0ms)
			ReleaseScriptingObjects (0ms)
			CreateAndSetChildDomain (45ms)
		EndReloadAssembly (2731ms)
			LoadAssemblies (309ms)
			RebuildTransferFunctionScriptingTraits (0ms)
			SetupTypeCache (1009ms)
			ReleaseScriptCaches (2ms)
			RebuildScriptCaches (147ms)
			SetupLoadedEditorAssemblies (1171ms)
				LogAssemblyErrors (0ms)
				InitializePlatformSupportModulesInManaged (23ms)
				SetLoadedEditorAssemblies (2ms)
				RefreshPlugins (2ms)
				BeforeProcessingInitializeOnLoad (301ms)
				ProcessInitializeOnLoadAttributes (739ms)
				ProcessInitializeOnLoadMethodAttributes (75ms)
				AfterProcessingInitializeOnLoad (28ms)
				EditorAssembliesLoaded (1ms)
			ExecutionOrderSort2 (0ms)
			AwakeInstancesAfterBackupRestoration (27ms)
Platform modules already initialized, skipping
========================================================================
Worker process is ready to serve import requests
Launched and connected shader compiler UnityShaderCompiler.exe after 0.11 seconds
Refreshing native plugins compatible for Editor in 0.74 ms, found 3 plugins.
Preloading 0 native plugins for Editor in 0.00 ms.
Unloading 3368 Unused Serialized files (Serialized files now loaded: 0)
Unloading 27 unused Assets / (110.9 KB). Loaded Objects now: 3824.
Memory consumption went from 115.8 MB to 115.7 MB.
Total: 3.531900 ms (FindLiveObjects: 0.337500 ms CreateObjectMapping: 0.137100 ms MarkObjects: 2.945000 ms  DeleteObjects: 0.101800 ms)

AssetImportParameters requested are different than current active one (requested -> active):
  custom:video-decoder-ogg-theora: a1e56fd34408186e4bbccfd4996cb3dc -> 
  custom:container-muxer-webm: aa71ff27fc2769a1b78a27578f13a17b -> 
  custom:container-demuxer-webm: 4f35f7cbe854078d1ac9338744f61a02 -> 
  custom:video-encoder-webm-vp8: eb34c28f22e8b96e1ab97ce403110664 -> 
  custom:audio-encoder-webm-vorbis: bf7c407c2cedff20999df2af8eb42d56 -> 
  custom:framework-win-MediaFoundation: 216162199b28c13a410421893ffa2e32 -> 
  custom:container-demuxer-ogg: 62fdf1f143b41e24485cea50d1cbac27 -> 
  custom:video-decoder-webm-vp8: 9c59270c3fd7afecdb556c50c9e8de78 -> 
  custom:audio-decoder-ogg-vorbis: bf7c407c2cedff20999df2af8eb42d56 -> 
========================================================================
Received Import Request.
  Time since last request: 274081.596681 seconds.
  path: Assets/+Workdata/Models/chair.fbx
  artifactKey: Guid(1e27ed0756727564093fb45f74bc571a) Importer(815301076,1909f56bfc062723c751e8b465ee728b)
Start importing Assets/+Workdata/Models/chair.fbx using Guid(1e27ed0756727564093fb45f74bc571a) Importer(815301076,1909f56bfc062723c751e8b465ee728b)  -> (artifact id: 'b781d790c1cef47a08a3d91daabbab58') in 0.993963 seconds 
========================================================================
Received Import Request.
  Time since last request: 0.000041 seconds.
  path: Assets/+Workdata/Models/trashcannot.mb.fbx
  artifactKey: Guid(93c065d67956c87439a89a4d19a6e33f) Importer(815301076,1909f56bfc062723c751e8b465ee728b)
Start importing Assets/+Workdata/Models/trashcannot.mb.fbx using Guid(93c065d67956c87439a89a4d19a6e33f) Importer(815301076,1909f56bfc062723c751e8b465ee728b)  -> (artifact id: '6f3c47b637f7acd89b2c11c6b84ad70b') in 0.068148 seconds 
========================================================================
Received Import Request.
  Time since last request: 12.034678 seconds.
  path: Assets/+Workdata/Models/trashcannot.mb.fbx
  artifactKey: Guid(93c065d67956c87439a89a4d19a6e33f) Importer(815301076,1909f56bfc062723c751e8b465ee728b)
Start importing Assets/+Workdata/Models/trashcannot.mb.fbx using Guid(93c065d67956c87439a89a4d19a6e33f) Importer(815301076,1909f56bfc062723c751e8b465ee728b)  -> (artifact id: '2b1d1d6dde33274ffbe6b0948c7add86') in 0.064213 seconds 
========================================================================
Received Import Request.
  Time since last request: 10.682212 seconds.
  path: Assets/+Workdata/Prefabs/chair.prefab
  artifactKey: Guid(feeb5248de2177841b1d3021e42dd288) Importer(815301076,1909f56bfc062723c751e8b465ee728b)
Start importing Assets/+Workdata/Prefabs/chair.prefab using Guid(feeb5248de2177841b1d3021e42dd288) Importer(815301076,1909f56bfc062723c751e8b465ee728b)  -> (artifact id: '5ffe4b0492dd798db08f92d2e6193711') in 0.037399 seconds 
========================================================================
Received Import Request.
  Time since last request: 3.840568 seconds.
  path: Assets/+Workdata/Prefabs/trashcannot.mb.prefab
  artifactKey: Guid(98f438264def3e241a660b09951df45d) Importer(815301076,1909f56bfc062723c751e8b465ee728b)
Start importing Assets/+Workdata/Prefabs/trashcannot.mb.prefab using Guid(98f438264def3e241a660b09951df45d) Importer(815301076,1909f56bfc062723c751e8b465ee728b)  -> (artifact id: 'c90112ad296f6bd8bf318c4522fa5c21') in 0.039648 seconds 
========================================================================
Received Import Request.
  Time since last request: 15.029466 seconds.
  path: Assets/+Workdata/Prefabs/chair_prefab.prefab
  artifactKey: Guid(feeb5248de2177841b1d3021e42dd288) Importer(815301076,1909f56bfc062723c751e8b465ee728b)
Start importing Assets/+Workdata/Prefabs/chair_prefab.prefab using Guid(feeb5248de2177841b1d3021e42dd288) Importer(815301076,1909f56bfc062723c751e8b465ee728b)  -> (artifact id: '333fa72e92a20cda9829d8116483d70c') in 0.030577 seconds 
========================================================================
Received Import Request.
  Time since last request: 11.743603 seconds.
  path: Assets/+Workdata/Prefabs/trashcan_prefab.prefab
  artifactKey: Guid(98f438264def3e241a660b09951df45d) Importer(815301076,1909f56bfc062723c751e8b465ee728b)
Start importing Assets/+Workdata/Prefabs/trashcan_prefab.prefab using Guid(98f438264def3e241a660b09951df45d) Importer(815301076,1909f56bfc062723c751e8b465ee728b)  -> (artifact id: '8b5c59071fd164d4450d9527f722bb19') in 0.019918 seconds 
